
up to date, audited 1579 packages in 3s

269 packages are looking for funding
  run `npm fund` for details

8 vulnerabilities (2 moderate, 6 high)

To address all issues (including breaking changes), run:
  npm audit fix --force

Run `npm audit` for details.

> spa@0.1.0 start
> react-scripts start

(node:92579) [DEP_WEBPACK_DEV_SERVER_ON_AFTER_SETUP_MIDDLEWARE] DeprecationWarning: 'onAfterSetupMiddleware' option is deprecated. Please use the 'setupMiddlewares' option.
(Use `node --trace-deprecation ...` to show where the warning was created)
(node:92579) [DEP_WEBPACK_DEV_SERVER_ON_BEFORE_SETUP_MIDDLEWARE] DeprecationWarning: 'onBeforeSetupMiddleware' option is deprecated. Please use the 'setupMiddlewares' option.
Starting the development server...

[0;33mOne of your dependencies, babel-preset-react-app, is importing the
"@babel/plugin-proposal-private-property-in-object" package without
declaring it in its dependencies. This is currently working because
"@babel/plugin-proposal-private-property-in-object" is already in your
node_modules folder for unrelated reasons, but it [1mmay break at any time[0;33m.

babel-preset-react-app is part of the create-react-app project, [1mwhich
is not maintianed anymore[0;33m. It is thus unlikely that this bug will
ever be fixed. Add "@babel/plugin-proposal-private-property-in-object" to
your devDependencies to work around this error. This will make this message
go away.[0m
  
Compiled successfully!

You can now view spa in the browser.

  Local:            http://localhost:1978
  On Your Network:  http://10.0.0.69:1978

Note that the development build is not optimized.
To create a production build, use npm run build.

webpack compiled successfully
Compiling...
Compiled successfully!
webpack compiled successfully
Compiling...
Compiled successfully!
webpack compiled successfully
Compiling...
Failed to compile.

[eslint] 
src/App.js
  Line 50:16:  'FormHelperText' is not defined  react/jsx-no-undef
  Line 64:16:  'FormHelperText' is not defined  react/jsx-no-undef
  Line 94:16:  'FormHelperText' is not defined  react/jsx-no-undef

Search for the keywords to learn more about each error.
ERROR in [eslint] 
src/App.js
  Line 50:16:  'FormHelperText' is not defined  react/jsx-no-undef
  Line 64:16:  'FormHelperText' is not defined  react/jsx-no-undef
  Line 94:16:  'FormHelperText' is not defined  react/jsx-no-undef

Search for the keywords to learn more about each error.

webpack compiled with 1 error
Compiling...
Compiled successfully!
webpack compiled successfully
Compiling...
Compiled successfully!
webpack compiled successfully
Compiling...
Compiled successfully!
webpack compiled successfully
Compiling...
Compiled successfully!
webpack compiled successfully
Compiling...
Compiled successfully!
webpack compiled successfully
Compiling...
Compiled successfully!
webpack compiled successfully
Compiling...
Failed to compile.

Module not found: Error: Can't resolve '@mui/x-date-pickers/LocalizationProvider' in '/Users/amarshanand/tolipoc/spa/src'
ERROR in ./src/App.js 11:0-80
Module not found: Error: Can't resolve '@mui/x-date-pickers/LocalizationProvider' in '/Users/amarshanand/tolipoc/spa/src'

ERROR in ./src/App.js 12:0-60
Module not found: Error: Can't resolve '@mui/x-date-pickers/DatePicker' in '/Users/amarshanand/tolipoc/spa/src'

ERROR in ./src/App.js 13:0-68
Module not found: Error: Can't resolve '@mui/x-date-pickers/AdapterDateFns' in '/Users/amarshanand/tolipoc/spa/src'

webpack compiled with 3 errors
Compiling...
Failed to compile.

Module not found: Error: Can't resolve '@mui/x-date-pickers/LocalizationProvider' in '/Users/amarshanand/tolipoc/spa/src'
LOG from webpack.FileSystemInfo
<w> Managed item /Users/amarshanand/tolipoc/spa/node_modules/@mui/x-date-pickers isn't a directory or doesn't contain a package.json (see snapshot.managedPaths option)
+ 13 hidden lines

ERROR in ./src/App.js 11:0-80
Module not found: Error: Can't resolve '@mui/x-date-pickers/LocalizationProvider' in '/Users/amarshanand/tolipoc/spa/src'

ERROR in ./src/App.js 12:0-60
Module not found: Error: Can't resolve '@mui/x-date-pickers/DatePicker' in '/Users/amarshanand/tolipoc/spa/src'

ERROR in ./src/App.js 13:0-68
Module not found: Error: Can't resolve '@mui/x-date-pickers/AdapterDateFns' in '/Users/amarshanand/tolipoc/spa/src'

webpack compiled with 3 errors
Compiling...
Failed to compile.

Module not found: Error: Can't resolve '@mui/x-date-pickers/LocalizationProvider' in '/Users/amarshanand/tolipoc/spa/src'
LOG from webpack.FileSystemInfo
<w> Managed item /Users/amarshanand/tolipoc/spa/node_modules/@mui/x-date-pickers isn't a directory or doesn't contain a package.json (see snapshot.managedPaths option)
+ 13 hidden lines

ERROR in ./src/App.js 11:0-80
Module not found: Error: Can't resolve '@mui/x-date-pickers/LocalizationProvider' in '/Users/amarshanand/tolipoc/spa/src'

ERROR in ./src/App.js 12:0-60
Module not found: Error: Can't resolve '@mui/x-date-pickers/DatePicker' in '/Users/amarshanand/tolipoc/spa/src'

ERROR in ./node_modules/@mui/x-date-pickers/AdapterDateFns/AdapterDateFns.js 2:0-39
Module not found: Error: Can't resolve 'date-fns/addDays' in '/Users/amarshanand/tolipoc/spa/node_modules/@mui/x-date-pickers/AdapterDateFns'

ERROR in ./node_modules/@mui/x-date-pickers/AdapterDateFns/AdapterDateFns.js 3:0-45
Module not found: Error: Can't resolve 'date-fns/addSeconds' in '/Users/amarshanand/tolipoc/spa/node_modules/@mui/x-date-pickers/AdapterDateFns'

ERROR in ./node_modules/@mui/x-date-pickers/AdapterDateFns/AdapterDateFns.js 4:0-45
Module not found: Error: Can't resolve 'date-fns/addMinutes' in '/Users/amarshanand/tolipoc/spa/node_modules/@mui/x-date-pickers/AdapterDateFns'

ERROR in ./node_modules/@mui/x-date-pickers/AdapterDateFns/AdapterDateFns.js 5:0-41
Module not found: Error: Can't resolve 'date-fns/addHours' in '/Users/amarshanand/tolipoc/spa/node_modules/@mui/x-date-pickers/AdapterDateFns'

ERROR in ./node_modules/@mui/x-date-pickers/AdapterDateFns/AdapterDateFns.js 6:0-41
Module not found: Error: Can't resolve 'date-fns/addWeeks' in '/Users/amarshanand/tolipoc/spa/node_modules/@mui/x-date-pickers/AdapterDateFns'

ERROR in ./node_modules/@mui/x-date-pickers/AdapterDateFns/AdapterDateFns.js 7:0-43
Module not found: Error: Can't resolve 'date-fns/addMonths' in '/Users/amarshanand/tolipoc/spa/node_modules/@mui/x-date-pickers/AdapterDateFns'

ERROR in ./node_modules/@mui/x-date-pickers/AdapterDateFns/AdapterDateFns.js 8:0-41
Module not found: Error: Can't resolve 'date-fns/addYears' in '/Users/amarshanand/tolipoc/spa/node_modules/@mui/x-date-pickers/AdapterDateFns'

ERROR in ./node_modules/@mui/x-date-pickers/AdapterDateFns/AdapterDateFns.js 9:0-41
Module not found: Error: Can't resolve 'date-fns/endOfDay' in '/Users/amarshanand/tolipoc/spa/node_modules/@mui/x-date-pickers/AdapterDateFns'

ERROR in ./node_modules/@mui/x-date-pickers/AdapterDateFns/AdapterDateFns.js 10:0-43
Module not found: Error: Can't resolve 'date-fns/endOfWeek' in '/Users/amarshanand/tolipoc/spa/node_modules/@mui/x-date-pickers/AdapterDateFns'

ERROR in ./node_modules/@mui/x-date-pickers/AdapterDateFns/AdapterDateFns.js 11:0-43
Module not found: Error: Can't resolve 'date-fns/endOfYear' in '/Users/amarshanand/tolipoc/spa/node_modules/@mui/x-date-pickers/AdapterDateFns'

ERROR in ./node_modules/@mui/x-date-pickers/AdapterDateFns/AdapterDateFns.js 12:0-44
Module not found: Error: Can't resolve 'date-fns/format' in '/Users/amarshanand/tolipoc/spa/node_modules/@mui/x-date-pickers/AdapterDateFns'

ERROR in ./node_modules/@mui/x-date-pickers/AdapterDateFns/AdapterDateFns.js 13:0-39
Module not found: Error: Can't resolve 'date-fns/getDate' in '/Users/amarshanand/tolipoc/spa/node_modules/@mui/x-date-pickers/AdapterDateFns'

ERROR in ./node_modules/@mui/x-date-pickers/AdapterDateFns/AdapterDateFns.js 14:0-53
Module not found: Error: Can't resolve 'date-fns/getDaysInMonth' in '/Users/amarshanand/tolipoc/spa/node_modules/@mui/x-date-pickers/AdapterDateFns'

ERROR in ./node_modules/@mui/x-date-pickers/AdapterDateFns/AdapterDateFns.js 15:0-41
Module not found: Error: Can't resolve 'date-fns/getHours' in '/Users/amarshanand/tolipoc/spa/node_modules/@mui/x-date-pickers/AdapterDateFns'

ERROR in ./node_modules/@mui/x-date-pickers/AdapterDateFns/AdapterDateFns.js 16:0-45
Module not found: Error: Can't resolve 'date-fns/getMinutes' in '/Users/amarshanand/tolipoc/spa/node_modules/@mui/x-date-pickers/AdapterDateFns'

ERROR in ./node_modules/@mui/x-date-pickers/AdapterDateFns/AdapterDateFns.js 17:0-41
Module not found: Error: Can't resolve 'date-fns/getMonth' in '/Users/amarshanand/tolipoc/spa/node_modules/@mui/x-date-pickers/AdapterDateFns'

ERROR in ./node_modules/@mui/x-date-pickers/AdapterDateFns/AdapterDateFns.js 18:0-45
Module not found: Error: Can't resolve 'date-fns/getSeconds' in '/Users/amarshanand/tolipoc/spa/node_modules/@mui/x-date-pickers/AdapterDateFns'

ERROR in ./node_modules/@mui/x-date-pickers/AdapterDateFns/AdapterDateFns.js 19:0-55
Module not found: Error: Can't resolve 'date-fns/getMilliseconds' in '/Users/amarshanand/tolipoc/spa/node_modules/@mui/x-date-pickers/AdapterDateFns'

ERROR in ./node_modules/@mui/x-date-pickers/AdapterDateFns/AdapterDateFns.js 20:0-39
Module not found: Error: Can't resolve 'date-fns/getWeek' in '/Users/amarshanand/tolipoc/spa/node_modules/@mui/x-date-pickers/AdapterDateFns'

ERROR in ./node_modules/@mui/x-date-pickers/AdapterDateFns/AdapterDateFns.js 21:0-39
Module not found: Error: Can't resolve 'date-fns/getYear' in '/Users/amarshanand/tolipoc/spa/node_modules/@mui/x-date-pickers/AdapterDateFns'

ERROR in ./node_modules/@mui/x-date-pickers/AdapterDateFns/AdapterDateFns.js 22:0-39
Module not found: Error: Can't resolve 'date-fns/isAfter' in '/Users/amarshanand/tolipoc/spa/node_modules/@mui/x-date-pickers/AdapterDateFns'

ERROR in ./node_modules/@mui/x-date-pickers/AdapterDateFns/AdapterDateFns.js 23:0-41
Module not found: Error: Can't resolve 'date-fns/isBefore' in '/Users/amarshanand/tolipoc/spa/node_modules/@mui/x-date-pickers/AdapterDateFns'

ERROR in ./node_modules/@mui/x-date-pickers/AdapterDateFns/AdapterDateFns.js 24:0-39
Module not found: Error: Can't resolve 'date-fns/isEqual' in '/Users/amarshanand/tolipoc/spa/node_modules/@mui/x-date-pickers/AdapterDateFns'

ERROR in ./node_modules/@mui/x-date-pickers/AdapterDateFns/AdapterDateFns.js 25:0-43
Module not found: Error: Can't resolve 'date-fns/isSameDay' in '/Users/amarshanand/tolipoc/spa/node_modules/@mui/x-date-pickers/AdapterDateFns'

ERROR in ./node_modules/@mui/x-date-pickers/AdapterDateFns/AdapterDateFns.js 26:0-45
Module not found: Error: Can't resolve 'date-fns/isSameYear' in '/Users/amarshanand/tolipoc/spa/node_modules/@mui/x-date-pickers/AdapterDateFns'

ERROR in ./node_modules/@mui/x-date-pickers/AdapterDateFns/AdapterDateFns.js 27:0-47
Module not found: Error: Can't resolve 'date-fns/isSameMonth' in '/Users/amarshanand/tolipoc/spa/node_modules/@mui/x-date-pickers/AdapterDateFns'

ERROR in ./node_modules/@mui/x-date-pickers/AdapterDateFns/AdapterDateFns.js 28:0-45
Module not found: Error: Can't resolve 'date-fns/isSameHour' in '/Users/amarshanand/tolipoc/spa/node_modules/@mui/x-date-pickers/AdapterDateFns'

ERROR in ./node_modules/@mui/x-date-pickers/AdapterDateFns/AdapterDateFns.js 29:0-39
Module not found: Error: Can't resolve 'date-fns/isValid' in '/Users/amarshanand/tolipoc/spa/node_modules/@mui/x-date-pickers/AdapterDateFns'

ERROR in ./node_modules/@mui/x-date-pickers/AdapterDateFns/AdapterDateFns.js 30:0-42
Module not found: Error: Can't resolve 'date-fns/parse' in '/Users/amarshanand/tolipoc/spa/node_modules/@mui/x-date-pickers/AdapterDateFns'

ERROR in ./node_modules/@mui/x-date-pickers/AdapterDateFns/AdapterDateFns.js 31:0-39
Module not found: Error: Can't resolve 'date-fns/setDate' in '/Users/amarshanand/tolipoc/spa/node_modules/@mui/x-date-pickers/AdapterDateFns'

ERROR in ./node_modules/@mui/x-date-pickers/AdapterDateFns/AdapterDateFns.js 32:0-41
Module not found: Error: Can't resolve 'date-fns/setHours' in '/Users/amarshanand/tolipoc/spa/node_modules/@mui/x-date-pickers/AdapterDateFns'

ERROR in ./node_modules/@mui/x-date-pickers/AdapterDateFns/AdapterDateFns.js 33:0-45
Module not found: Error: Can't resolve 'date-fns/setMinutes' in '/Users/amarshanand/tolipoc/spa/node_modules/@mui/x-date-pickers/AdapterDateFns'

ERROR in ./node_modules/@mui/x-date-pickers/AdapterDateFns/AdapterDateFns.js 34:0-41
Module not found: Error: Can't resolve 'date-fns/setMonth' in '/Users/amarshanand/tolipoc/spa/node_modules/@mui/x-date-pickers/AdapterDateFns'

ERROR in ./node_modules/@mui/x-date-pickers/AdapterDateFns/AdapterDateFns.js 35:0-45
Module not found: Error: Can't resolve 'date-fns/setSeconds' in '/Users/amarshanand/tolipoc/spa/node_modules/@mui/x-date-pickers/AdapterDateFns'

ERROR in ./node_modules/@mui/x-date-pickers/AdapterDateFns/AdapterDateFns.js 36:0-55
Module not found: Error: Can't resolve 'date-fns/setMilliseconds' in '/Users/amarshanand/tolipoc/spa/node_modules/@mui/x-date-pickers/AdapterDateFns'

ERROR in ./node_modules/@mui/x-date-pickers/AdapterDateFns/AdapterDateFns.js 37:0-39
Module not found: Error: Can't resolve 'date-fns/setYear' in '/Users/amarshanand/tolipoc/spa/node_modules/@mui/x-date-pickers/AdapterDateFns'

ERROR in ./node_modules/@mui/x-date-pickers/AdapterDateFns/AdapterDateFns.js 38:0-45
Module not found: Error: Can't resolve 'date-fns/startOfDay' in '/Users/amarshanand/tolipoc/spa/node_modules/@mui/x-date-pickers/AdapterDateFns'

ERROR in ./node_modules/@mui/x-date-pickers/AdapterDateFns/AdapterDateFns.js 39:0-49
Module not found: Error: Can't resolve 'date-fns/startOfMonth' in '/Users/amarshanand/tolipoc/spa/node_modules/@mui/x-date-pickers/AdapterDateFns'

ERROR in ./node_modules/@mui/x-date-pickers/AdapterDateFns/AdapterDateFns.js 40:0-45
Module not found: Error: Can't resolve 'date-fns/endOfMonth' in '/Users/amarshanand/tolipoc/spa/node_modules/@mui/x-date-pickers/AdapterDateFns'

ERROR in ./node_modules/@mui/x-date-pickers/AdapterDateFns/AdapterDateFns.js 41:0-47
Module not found: Error: Can't resolve 'date-fns/startOfWeek' in '/Users/amarshanand/tolipoc/spa/node_modules/@mui/x-date-pickers/AdapterDateFns'

ERROR in ./node_modules/@mui/x-date-pickers/AdapterDateFns/AdapterDateFns.js 42:0-47
Module not found: Error: Can't resolve 'date-fns/startOfYear' in '/Users/amarshanand/tolipoc/spa/node_modules/@mui/x-date-pickers/AdapterDateFns'

ERROR in ./node_modules/@mui/x-date-pickers/AdapterDateFns/AdapterDateFns.js 43:0-57
Module not found: Error: Can't resolve 'date-fns/isWithinInterval' in '/Users/amarshanand/tolipoc/spa/node_modules/@mui/x-date-pickers/AdapterDateFns'

ERROR in ./node_modules/@mui/x-date-pickers/AdapterDateFns/AdapterDateFns.js 44:0-50
Module not found: Error: Can't resolve 'date-fns/locale/en-US' in '/Users/amarshanand/tolipoc/spa/node_modules/@mui/x-date-pickers/AdapterDateFns'

ERROR in ./node_modules/@mui/x-date-pickers/AdapterDateFns/AdapterDateFns.js 46:0-65
Module not found: Error: Can't resolve 'date-fns/_lib/format/longFormatters' in '/Users/amarshanand/tolipoc/spa/node_modules/@mui/x-date-pickers/AdapterDateFns'

webpack compiled with 46 errors
Compiling...
Failed to compile.

Module not found: Error: Can't resolve '@mui/x-date-pickers/LocalizationProvider' in '/Users/amarshanand/tolipoc/spa/src'
ERROR in ./src/App.js 11:0-80
Module not found: Error: Can't resolve '@mui/x-date-pickers/LocalizationProvider' in '/Users/amarshanand/tolipoc/spa/src'

ERROR in ./src/App.js 12:0-60
Module not found: Error: Can't resolve '@mui/x-date-pickers/DatePicker' in '/Users/amarshanand/tolipoc/spa/src'

ERROR in ./node_modules/@mui/x-date-pickers/AdapterDateFns/AdapterDateFns.js 2:0-39
Module not found: Error: Can't resolve 'date-fns/addDays' in '/Users/amarshanand/tolipoc/spa/node_modules/@mui/x-date-pickers/AdapterDateFns'

ERROR in ./node_modules/@mui/x-date-pickers/AdapterDateFns/AdapterDateFns.js 3:0-45
Module not found: Error: Can't resolve 'date-fns/addSeconds' in '/Users/amarshanand/tolipoc/spa/node_modules/@mui/x-date-pickers/AdapterDateFns'

ERROR in ./node_modules/@mui/x-date-pickers/AdapterDateFns/AdapterDateFns.js 4:0-45
Module not found: Error: Can't resolve 'date-fns/addMinutes' in '/Users/amarshanand/tolipoc/spa/node_modules/@mui/x-date-pickers/AdapterDateFns'

ERROR in ./node_modules/@mui/x-date-pickers/AdapterDateFns/AdapterDateFns.js 5:0-41
Module not found: Error: Can't resolve 'date-fns/addHours' in '/Users/amarshanand/tolipoc/spa/node_modules/@mui/x-date-pickers/AdapterDateFns'

ERROR in ./node_modules/@mui/x-date-pickers/AdapterDateFns/AdapterDateFns.js 6:0-41
Module not found: Error: Can't resolve 'date-fns/addWeeks' in '/Users/amarshanand/tolipoc/spa/node_modules/@mui/x-date-pickers/AdapterDateFns'

ERROR in ./node_modules/@mui/x-date-pickers/AdapterDateFns/AdapterDateFns.js 7:0-43
Module not found: Error: Can't resolve 'date-fns/addMonths' in '/Users/amarshanand/tolipoc/spa/node_modules/@mui/x-date-pickers/AdapterDateFns'

ERROR in ./node_modules/@mui/x-date-pickers/AdapterDateFns/AdapterDateFns.js 8:0-41
Module not found: Error: Can't resolve 'date-fns/addYears' in '/Users/amarshanand/tolipoc/spa/node_modules/@mui/x-date-pickers/AdapterDateFns'

ERROR in ./node_modules/@mui/x-date-pickers/AdapterDateFns/AdapterDateFns.js 9:0-41
Module not found: Error: Can't resolve 'date-fns/endOfDay' in '/Users/amarshanand/tolipoc/spa/node_modules/@mui/x-date-pickers/AdapterDateFns'

ERROR in ./node_modules/@mui/x-date-pickers/AdapterDateFns/AdapterDateFns.js 10:0-43
Module not found: Error: Can't resolve 'date-fns/endOfWeek' in '/Users/amarshanand/tolipoc/spa/node_modules/@mui/x-date-pickers/AdapterDateFns'

ERROR in ./node_modules/@mui/x-date-pickers/AdapterDateFns/AdapterDateFns.js 11:0-43
Module not found: Error: Can't resolve 'date-fns/endOfYear' in '/Users/amarshanand/tolipoc/spa/node_modules/@mui/x-date-pickers/AdapterDateFns'

ERROR in ./node_modules/@mui/x-date-pickers/AdapterDateFns/AdapterDateFns.js 12:0-44
Module not found: Error: Can't resolve 'date-fns/format' in '/Users/amarshanand/tolipoc/spa/node_modules/@mui/x-date-pickers/AdapterDateFns'

ERROR in ./node_modules/@mui/x-date-pickers/AdapterDateFns/AdapterDateFns.js 13:0-39
Module not found: Error: Can't resolve 'date-fns/getDate' in '/Users/amarshanand/tolipoc/spa/node_modules/@mui/x-date-pickers/AdapterDateFns'

ERROR in ./node_modules/@mui/x-date-pickers/AdapterDateFns/AdapterDateFns.js 14:0-53
Module not found: Error: Can't resolve 'date-fns/getDaysInMonth' in '/Users/amarshanand/tolipoc/spa/node_modules/@mui/x-date-pickers/AdapterDateFns'

ERROR in ./node_modules/@mui/x-date-pickers/AdapterDateFns/AdapterDateFns.js 15:0-41
Module not found: Error: Can't resolve 'date-fns/getHours' in '/Users/amarshanand/tolipoc/spa/node_modules/@mui/x-date-pickers/AdapterDateFns'

ERROR in ./node_modules/@mui/x-date-pickers/AdapterDateFns/AdapterDateFns.js 16:0-45
Module not found: Error: Can't resolve 'date-fns/getMinutes' in '/Users/amarshanand/tolipoc/spa/node_modules/@mui/x-date-pickers/AdapterDateFns'

ERROR in ./node_modules/@mui/x-date-pickers/AdapterDateFns/AdapterDateFns.js 17:0-41
Module not found: Error: Can't resolve 'date-fns/getMonth' in '/Users/amarshanand/tolipoc/spa/node_modules/@mui/x-date-pickers/AdapterDateFns'

ERROR in ./node_modules/@mui/x-date-pickers/AdapterDateFns/AdapterDateFns.js 18:0-45
Module not found: Error: Can't resolve 'date-fns/getSeconds' in '/Users/amarshanand/tolipoc/spa/node_modules/@mui/x-date-pickers/AdapterDateFns'

ERROR in ./node_modules/@mui/x-date-pickers/AdapterDateFns/AdapterDateFns.js 19:0-55
Module not found: Error: Can't resolve 'date-fns/getMilliseconds' in '/Users/amarshanand/tolipoc/spa/node_modules/@mui/x-date-pickers/AdapterDateFns'

ERROR in ./node_modules/@mui/x-date-pickers/AdapterDateFns/AdapterDateFns.js 20:0-39
Module not found: Error: Can't resolve 'date-fns/getWeek' in '/Users/amarshanand/tolipoc/spa/node_modules/@mui/x-date-pickers/AdapterDateFns'

ERROR in ./node_modules/@mui/x-date-pickers/AdapterDateFns/AdapterDateFns.js 21:0-39
Module not found: Error: Can't resolve 'date-fns/getYear' in '/Users/amarshanand/tolipoc/spa/node_modules/@mui/x-date-pickers/AdapterDateFns'

ERROR in ./node_modules/@mui/x-date-pickers/AdapterDateFns/AdapterDateFns.js 22:0-39
Module not found: Error: Can't resolve 'date-fns/isAfter' in '/Users/amarshanand/tolipoc/spa/node_modules/@mui/x-date-pickers/AdapterDateFns'

ERROR in ./node_modules/@mui/x-date-pickers/AdapterDateFns/AdapterDateFns.js 23:0-41
Module not found: Error: Can't resolve 'date-fns/isBefore' in '/Users/amarshanand/tolipoc/spa/node_modules/@mui/x-date-pickers/AdapterDateFns'

ERROR in ./node_modules/@mui/x-date-pickers/AdapterDateFns/AdapterDateFns.js 24:0-39
Module not found: Error: Can't resolve 'date-fns/isEqual' in '/Users/amarshanand/tolipoc/spa/node_modules/@mui/x-date-pickers/AdapterDateFns'

ERROR in ./node_modules/@mui/x-date-pickers/AdapterDateFns/AdapterDateFns.js 25:0-43
Module not found: Error: Can't resolve 'date-fns/isSameDay' in '/Users/amarshanand/tolipoc/spa/node_modules/@mui/x-date-pickers/AdapterDateFns'

ERROR in ./node_modules/@mui/x-date-pickers/AdapterDateFns/AdapterDateFns.js 26:0-45
Module not found: Error: Can't resolve 'date-fns/isSameYear' in '/Users/amarshanand/tolipoc/spa/node_modules/@mui/x-date-pickers/AdapterDateFns'

ERROR in ./node_modules/@mui/x-date-pickers/AdapterDateFns/AdapterDateFns.js 27:0-47
Module not found: Error: Can't resolve 'date-fns/isSameMonth' in '/Users/amarshanand/tolipoc/spa/node_modules/@mui/x-date-pickers/AdapterDateFns'

ERROR in ./node_modules/@mui/x-date-pickers/AdapterDateFns/AdapterDateFns.js 28:0-45
Module not found: Error: Can't resolve 'date-fns/isSameHour' in '/Users/amarshanand/tolipoc/spa/node_modules/@mui/x-date-pickers/AdapterDateFns'

ERROR in ./node_modules/@mui/x-date-pickers/AdapterDateFns/AdapterDateFns.js 29:0-39
Module not found: Error: Can't resolve 'date-fns/isValid' in '/Users/amarshanand/tolipoc/spa/node_modules/@mui/x-date-pickers/AdapterDateFns'

ERROR in ./node_modules/@mui/x-date-pickers/AdapterDateFns/AdapterDateFns.js 30:0-42
Module not found: Error: Can't resolve 'date-fns/parse' in '/Users/amarshanand/tolipoc/spa/node_modules/@mui/x-date-pickers/AdapterDateFns'

ERROR in ./node_modules/@mui/x-date-pickers/AdapterDateFns/AdapterDateFns.js 31:0-39
Module not found: Error: Can't resolve 'date-fns/setDate' in '/Users/amarshanand/tolipoc/spa/node_modules/@mui/x-date-pickers/AdapterDateFns'

ERROR in ./node_modules/@mui/x-date-pickers/AdapterDateFns/AdapterDateFns.js 32:0-41
Module not found: Error: Can't resolve 'date-fns/setHours' in '/Users/amarshanand/tolipoc/spa/node_modules/@mui/x-date-pickers/AdapterDateFns'

ERROR in ./node_modules/@mui/x-date-pickers/AdapterDateFns/AdapterDateFns.js 33:0-45
Module not found: Error: Can't resolve 'date-fns/setMinutes' in '/Users/amarshanand/tolipoc/spa/node_modules/@mui/x-date-pickers/AdapterDateFns'

ERROR in ./node_modules/@mui/x-date-pickers/AdapterDateFns/AdapterDateFns.js 34:0-41
Module not found: Error: Can't resolve 'date-fns/setMonth' in '/Users/amarshanand/tolipoc/spa/node_modules/@mui/x-date-pickers/AdapterDateFns'

ERROR in ./node_modules/@mui/x-date-pickers/AdapterDateFns/AdapterDateFns.js 35:0-45
Module not found: Error: Can't resolve 'date-fns/setSeconds' in '/Users/amarshanand/tolipoc/spa/node_modules/@mui/x-date-pickers/AdapterDateFns'

ERROR in ./node_modules/@mui/x-date-pickers/AdapterDateFns/AdapterDateFns.js 36:0-55
Module not found: Error: Can't resolve 'date-fns/setMilliseconds' in '/Users/amarshanand/tolipoc/spa/node_modules/@mui/x-date-pickers/AdapterDateFns'

ERROR in ./node_modules/@mui/x-date-pickers/AdapterDateFns/AdapterDateFns.js 37:0-39
Module not found: Error: Can't resolve 'date-fns/setYear' in '/Users/amarshanand/tolipoc/spa/node_modules/@mui/x-date-pickers/AdapterDateFns'

ERROR in ./node_modules/@mui/x-date-pickers/AdapterDateFns/AdapterDateFns.js 38:0-45
Module not found: Error: Can't resolve 'date-fns/startOfDay' in '/Users/amarshanand/tolipoc/spa/node_modules/@mui/x-date-pickers/AdapterDateFns'

ERROR in ./node_modules/@mui/x-date-pickers/AdapterDateFns/AdapterDateFns.js 39:0-49
Module not found: Error: Can't resolve 'date-fns/startOfMonth' in '/Users/amarshanand/tolipoc/spa/node_modules/@mui/x-date-pickers/AdapterDateFns'

ERROR in ./node_modules/@mui/x-date-pickers/AdapterDateFns/AdapterDateFns.js 40:0-45
Module not found: Error: Can't resolve 'date-fns/endOfMonth' in '/Users/amarshanand/tolipoc/spa/node_modules/@mui/x-date-pickers/AdapterDateFns'

ERROR in ./node_modules/@mui/x-date-pickers/AdapterDateFns/AdapterDateFns.js 41:0-47
Module not found: Error: Can't resolve 'date-fns/startOfWeek' in '/Users/amarshanand/tolipoc/spa/node_modules/@mui/x-date-pickers/AdapterDateFns'

ERROR in ./node_modules/@mui/x-date-pickers/AdapterDateFns/AdapterDateFns.js 42:0-47
Module not found: Error: Can't resolve 'date-fns/startOfYear' in '/Users/amarshanand/tolipoc/spa/node_modules/@mui/x-date-pickers/AdapterDateFns'

ERROR in ./node_modules/@mui/x-date-pickers/AdapterDateFns/AdapterDateFns.js 43:0-57
Module not found: Error: Can't resolve 'date-fns/isWithinInterval' in '/Users/amarshanand/tolipoc/spa/node_modules/@mui/x-date-pickers/AdapterDateFns'

ERROR in ./node_modules/@mui/x-date-pickers/AdapterDateFns/AdapterDateFns.js 44:0-50
Module not found: Error: Can't resolve 'date-fns/locale/en-US' in '/Users/amarshanand/tolipoc/spa/node_modules/@mui/x-date-pickers/AdapterDateFns'

ERROR in ./node_modules/@mui/x-date-pickers/AdapterDateFns/AdapterDateFns.js 46:0-65
Module not found: Error: Can't resolve 'date-fns/_lib/format/longFormatters' in '/Users/amarshanand/tolipoc/spa/node_modules/@mui/x-date-pickers/AdapterDateFns'

webpack compiled with 46 errors
Compiling...
Failed to compile.

Module not found: Error: Can't resolve '@mui/x-date-pickers/LocalizationProvider' in '/Users/amarshanand/tolipoc/spa/src'
ERROR in ./src/App.js 11:0-80
Module not found: Error: Can't resolve '@mui/x-date-pickers/LocalizationProvider' in '/Users/amarshanand/tolipoc/spa/src'

ERROR in ./src/App.js 12:0-60
Module not found: Error: Can't resolve '@mui/x-date-pickers/DatePicker' in '/Users/amarshanand/tolipoc/spa/src'

ERROR in ./node_modules/@mui/x-date-pickers/AdapterDateFns/AdapterDateFns.js 2:0-39
Module not found: Error: Can't resolve 'date-fns/addDays' in '/Users/amarshanand/tolipoc/spa/node_modules/@mui/x-date-pickers/AdapterDateFns'

ERROR in ./node_modules/@mui/x-date-pickers/AdapterDateFns/AdapterDateFns.js 3:0-45
Module not found: Error: Can't resolve 'date-fns/addSeconds' in '/Users/amarshanand/tolipoc/spa/node_modules/@mui/x-date-pickers/AdapterDateFns'

ERROR in ./node_modules/@mui/x-date-pickers/AdapterDateFns/AdapterDateFns.js 4:0-45
Module not found: Error: Can't resolve 'date-fns/addMinutes' in '/Users/amarshanand/tolipoc/spa/node_modules/@mui/x-date-pickers/AdapterDateFns'

ERROR in ./node_modules/@mui/x-date-pickers/AdapterDateFns/AdapterDateFns.js 5:0-41
Module not found: Error: Can't resolve 'date-fns/addHours' in '/Users/amarshanand/tolipoc/spa/node_modules/@mui/x-date-pickers/AdapterDateFns'

ERROR in ./node_modules/@mui/x-date-pickers/AdapterDateFns/AdapterDateFns.js 6:0-41
Module not found: Error: Can't resolve 'date-fns/addWeeks' in '/Users/amarshanand/tolipoc/spa/node_modules/@mui/x-date-pickers/AdapterDateFns'

ERROR in ./node_modules/@mui/x-date-pickers/AdapterDateFns/AdapterDateFns.js 7:0-43
Module not found: Error: Can't resolve 'date-fns/addMonths' in '/Users/amarshanand/tolipoc/spa/node_modules/@mui/x-date-pickers/AdapterDateFns'

ERROR in ./node_modules/@mui/x-date-pickers/AdapterDateFns/AdapterDateFns.js 8:0-41
Module not found: Error: Can't resolve 'date-fns/addYears' in '/Users/amarshanand/tolipoc/spa/node_modules/@mui/x-date-pickers/AdapterDateFns'

ERROR in ./node_modules/@mui/x-date-pickers/AdapterDateFns/AdapterDateFns.js 9:0-41
Module not found: Error: Can't resolve 'date-fns/endOfDay' in '/Users/amarshanand/tolipoc/spa/node_modules/@mui/x-date-pickers/AdapterDateFns'

ERROR in ./node_modules/@mui/x-date-pickers/AdapterDateFns/AdapterDateFns.js 10:0-43
Module not found: Error: Can't resolve 'date-fns/endOfWeek' in '/Users/amarshanand/tolipoc/spa/node_modules/@mui/x-date-pickers/AdapterDateFns'

ERROR in ./node_modules/@mui/x-date-pickers/AdapterDateFns/AdapterDateFns.js 11:0-43
Module not found: Error: Can't resolve 'date-fns/endOfYear' in '/Users/amarshanand/tolipoc/spa/node_modules/@mui/x-date-pickers/AdapterDateFns'

ERROR in ./node_modules/@mui/x-date-pickers/AdapterDateFns/AdapterDateFns.js 12:0-44
Module not found: Error: Can't resolve 'date-fns/format' in '/Users/amarshanand/tolipoc/spa/node_modules/@mui/x-date-pickers/AdapterDateFns'

ERROR in ./node_modules/@mui/x-date-pickers/AdapterDateFns/AdapterDateFns.js 13:0-39
Module not found: Error: Can't resolve 'date-fns/getDate' in '/Users/amarshanand/tolipoc/spa/node_modules/@mui/x-date-pickers/AdapterDateFns'

ERROR in ./node_modules/@mui/x-date-pickers/AdapterDateFns/AdapterDateFns.js 14:0-53
Module not found: Error: Can't resolve 'date-fns/getDaysInMonth' in '/Users/amarshanand/tolipoc/spa/node_modules/@mui/x-date-pickers/AdapterDateFns'

ERROR in ./node_modules/@mui/x-date-pickers/AdapterDateFns/AdapterDateFns.js 15:0-41
Module not found: Error: Can't resolve 'date-fns/getHours' in '/Users/amarshanand/tolipoc/spa/node_modules/@mui/x-date-pickers/AdapterDateFns'

ERROR in ./node_modules/@mui/x-date-pickers/AdapterDateFns/AdapterDateFns.js 16:0-45
Module not found: Error: Can't resolve 'date-fns/getMinutes' in '/Users/amarshanand/tolipoc/spa/node_modules/@mui/x-date-pickers/AdapterDateFns'

ERROR in ./node_modules/@mui/x-date-pickers/AdapterDateFns/AdapterDateFns.js 17:0-41
Module not found: Error: Can't resolve 'date-fns/getMonth' in '/Users/amarshanand/tolipoc/spa/node_modules/@mui/x-date-pickers/AdapterDateFns'

ERROR in ./node_modules/@mui/x-date-pickers/AdapterDateFns/AdapterDateFns.js 18:0-45
Module not found: Error: Can't resolve 'date-fns/getSeconds' in '/Users/amarshanand/tolipoc/spa/node_modules/@mui/x-date-pickers/AdapterDateFns'

ERROR in ./node_modules/@mui/x-date-pickers/AdapterDateFns/AdapterDateFns.js 19:0-55
Module not found: Error: Can't resolve 'date-fns/getMilliseconds' in '/Users/amarshanand/tolipoc/spa/node_modules/@mui/x-date-pickers/AdapterDateFns'

ERROR in ./node_modules/@mui/x-date-pickers/AdapterDateFns/AdapterDateFns.js 20:0-39
Module not found: Error: Can't resolve 'date-fns/getWeek' in '/Users/amarshanand/tolipoc/spa/node_modules/@mui/x-date-pickers/AdapterDateFns'

ERROR in ./node_modules/@mui/x-date-pickers/AdapterDateFns/AdapterDateFns.js 21:0-39
Module not found: Error: Can't resolve 'date-fns/getYear' in '/Users/amarshanand/tolipoc/spa/node_modules/@mui/x-date-pickers/AdapterDateFns'

ERROR in ./node_modules/@mui/x-date-pickers/AdapterDateFns/AdapterDateFns.js 22:0-39
Module not found: Error: Can't resolve 'date-fns/isAfter' in '/Users/amarshanand/tolipoc/spa/node_modules/@mui/x-date-pickers/AdapterDateFns'

ERROR in ./node_modules/@mui/x-date-pickers/AdapterDateFns/AdapterDateFns.js 23:0-41
Module not found: Error: Can't resolve 'date-fns/isBefore' in '/Users/amarshanand/tolipoc/spa/node_modules/@mui/x-date-pickers/AdapterDateFns'

ERROR in ./node_modules/@mui/x-date-pickers/AdapterDateFns/AdapterDateFns.js 24:0-39
Module not found: Error: Can't resolve 'date-fns/isEqual' in '/Users/amarshanand/tolipoc/spa/node_modules/@mui/x-date-pickers/AdapterDateFns'

ERROR in ./node_modules/@mui/x-date-pickers/AdapterDateFns/AdapterDateFns.js 25:0-43
Module not found: Error: Can't resolve 'date-fns/isSameDay' in '/Users/amarshanand/tolipoc/spa/node_modules/@mui/x-date-pickers/AdapterDateFns'

ERROR in ./node_modules/@mui/x-date-pickers/AdapterDateFns/AdapterDateFns.js 26:0-45
Module not found: Error: Can't resolve 'date-fns/isSameYear' in '/Users/amarshanand/tolipoc/spa/node_modules/@mui/x-date-pickers/AdapterDateFns'

ERROR in ./node_modules/@mui/x-date-pickers/AdapterDateFns/AdapterDateFns.js 27:0-47
Module not found: Error: Can't resolve 'date-fns/isSameMonth' in '/Users/amarshanand/tolipoc/spa/node_modules/@mui/x-date-pickers/AdapterDateFns'

ERROR in ./node_modules/@mui/x-date-pickers/AdapterDateFns/AdapterDateFns.js 28:0-45
Module not found: Error: Can't resolve 'date-fns/isSameHour' in '/Users/amarshanand/tolipoc/spa/node_modules/@mui/x-date-pickers/AdapterDateFns'

ERROR in ./node_modules/@mui/x-date-pickers/AdapterDateFns/AdapterDateFns.js 29:0-39
Module not found: Error: Can't resolve 'date-fns/isValid' in '/Users/amarshanand/tolipoc/spa/node_modules/@mui/x-date-pickers/AdapterDateFns'

ERROR in ./node_modules/@mui/x-date-pickers/AdapterDateFns/AdapterDateFns.js 30:0-42
Module not found: Error: Can't resolve 'date-fns/parse' in '/Users/amarshanand/tolipoc/spa/node_modules/@mui/x-date-pickers/AdapterDateFns'

ERROR in ./node_modules/@mui/x-date-pickers/AdapterDateFns/AdapterDateFns.js 31:0-39
Module not found: Error: Can't resolve 'date-fns/setDate' in '/Users/amarshanand/tolipoc/spa/node_modules/@mui/x-date-pickers/AdapterDateFns'

ERROR in ./node_modules/@mui/x-date-pickers/AdapterDateFns/AdapterDateFns.js 32:0-41
Module not found: Error: Can't resolve 'date-fns/setHours' in '/Users/amarshanand/tolipoc/spa/node_modules/@mui/x-date-pickers/AdapterDateFns'

ERROR in ./node_modules/@mui/x-date-pickers/AdapterDateFns/AdapterDateFns.js 33:0-45
Module not found: Error: Can't resolve 'date-fns/setMinutes' in '/Users/amarshanand/tolipoc/spa/node_modules/@mui/x-date-pickers/AdapterDateFns'

ERROR in ./node_modules/@mui/x-date-pickers/AdapterDateFns/AdapterDateFns.js 34:0-41
Module not found: Error: Can't resolve 'date-fns/setMonth' in '/Users/amarshanand/tolipoc/spa/node_modules/@mui/x-date-pickers/AdapterDateFns'

ERROR in ./node_modules/@mui/x-date-pickers/AdapterDateFns/AdapterDateFns.js 35:0-45
Module not found: Error: Can't resolve 'date-fns/setSeconds' in '/Users/amarshanand/tolipoc/spa/node_modules/@mui/x-date-pickers/AdapterDateFns'

ERROR in ./node_modules/@mui/x-date-pickers/AdapterDateFns/AdapterDateFns.js 36:0-55
Module not found: Error: Can't resolve 'date-fns/setMilliseconds' in '/Users/amarshanand/tolipoc/spa/node_modules/@mui/x-date-pickers/AdapterDateFns'

ERROR in ./node_modules/@mui/x-date-pickers/AdapterDateFns/AdapterDateFns.js 37:0-39
Module not found: Error: Can't resolve 'date-fns/setYear' in '/Users/amarshanand/tolipoc/spa/node_modules/@mui/x-date-pickers/AdapterDateFns'

ERROR in ./node_modules/@mui/x-date-pickers/AdapterDateFns/AdapterDateFns.js 38:0-45
Module not found: Error: Can't resolve 'date-fns/startOfDay' in '/Users/amarshanand/tolipoc/spa/node_modules/@mui/x-date-pickers/AdapterDateFns'

ERROR in ./node_modules/@mui/x-date-pickers/AdapterDateFns/AdapterDateFns.js 39:0-49
Module not found: Error: Can't resolve 'date-fns/startOfMonth' in '/Users/amarshanand/tolipoc/spa/node_modules/@mui/x-date-pickers/AdapterDateFns'

ERROR in ./node_modules/@mui/x-date-pickers/AdapterDateFns/AdapterDateFns.js 40:0-45
Module not found: Error: Can't resolve 'date-fns/endOfMonth' in '/Users/amarshanand/tolipoc/spa/node_modules/@mui/x-date-pickers/AdapterDateFns'

ERROR in ./node_modules/@mui/x-date-pickers/AdapterDateFns/AdapterDateFns.js 41:0-47
Module not found: Error: Can't resolve 'date-fns/startOfWeek' in '/Users/amarshanand/tolipoc/spa/node_modules/@mui/x-date-pickers/AdapterDateFns'

ERROR in ./node_modules/@mui/x-date-pickers/AdapterDateFns/AdapterDateFns.js 42:0-47
Module not found: Error: Can't resolve 'date-fns/startOfYear' in '/Users/amarshanand/tolipoc/spa/node_modules/@mui/x-date-pickers/AdapterDateFns'

ERROR in ./node_modules/@mui/x-date-pickers/AdapterDateFns/AdapterDateFns.js 43:0-57
Module not found: Error: Can't resolve 'date-fns/isWithinInterval' in '/Users/amarshanand/tolipoc/spa/node_modules/@mui/x-date-pickers/AdapterDateFns'

ERROR in ./node_modules/@mui/x-date-pickers/AdapterDateFns/AdapterDateFns.js 44:0-50
Module not found: Error: Can't resolve 'date-fns/locale/en-US' in '/Users/amarshanand/tolipoc/spa/node_modules/@mui/x-date-pickers/AdapterDateFns'

ERROR in ./node_modules/@mui/x-date-pickers/AdapterDateFns/AdapterDateFns.js 46:0-65
Module not found: Error: Can't resolve 'date-fns/_lib/format/longFormatters' in '/Users/amarshanand/tolipoc/spa/node_modules/@mui/x-date-pickers/AdapterDateFns'

webpack compiled with 46 errors
Compiling...
Failed to compile.

Module not found: Error: Can't resolve 'date-fns/addDays' in '/Users/amarshanand/tolipoc/spa/node_modules/@mui/x-date-pickers/AdapterDateFns'
ERROR in ./node_modules/@mui/x-date-pickers/AdapterDateFns/AdapterDateFns.js 2:0-39
Module not found: Error: Can't resolve 'date-fns/addDays' in '/Users/amarshanand/tolipoc/spa/node_modules/@mui/x-date-pickers/AdapterDateFns'

ERROR in ./node_modules/@mui/x-date-pickers/AdapterDateFns/AdapterDateFns.js 3:0-45
Module not found: Error: Can't resolve 'date-fns/addSeconds' in '/Users/amarshanand/tolipoc/spa/node_modules/@mui/x-date-pickers/AdapterDateFns'

ERROR in ./node_modules/@mui/x-date-pickers/AdapterDateFns/AdapterDateFns.js 4:0-45
Module not found: Error: Can't resolve 'date-fns/addMinutes' in '/Users/amarshanand/tolipoc/spa/node_modules/@mui/x-date-pickers/AdapterDateFns'

ERROR in ./node_modules/@mui/x-date-pickers/AdapterDateFns/AdapterDateFns.js 5:0-41
Module not found: Error: Can't resolve 'date-fns/addHours' in '/Users/amarshanand/tolipoc/spa/node_modules/@mui/x-date-pickers/AdapterDateFns'

ERROR in ./node_modules/@mui/x-date-pickers/AdapterDateFns/AdapterDateFns.js 6:0-41
Module not found: Error: Can't resolve 'date-fns/addWeeks' in '/Users/amarshanand/tolipoc/spa/node_modules/@mui/x-date-pickers/AdapterDateFns'

ERROR in ./node_modules/@mui/x-date-pickers/AdapterDateFns/AdapterDateFns.js 7:0-43
Module not found: Error: Can't resolve 'date-fns/addMonths' in '/Users/amarshanand/tolipoc/spa/node_modules/@mui/x-date-pickers/AdapterDateFns'

ERROR in ./node_modules/@mui/x-date-pickers/AdapterDateFns/AdapterDateFns.js 8:0-41
Module not found: Error: Can't resolve 'date-fns/addYears' in '/Users/amarshanand/tolipoc/spa/node_modules/@mui/x-date-pickers/AdapterDateFns'

ERROR in ./node_modules/@mui/x-date-pickers/AdapterDateFns/AdapterDateFns.js 9:0-41
Module not found: Error: Can't resolve 'date-fns/endOfDay' in '/Users/amarshanand/tolipoc/spa/node_modules/@mui/x-date-pickers/AdapterDateFns'

ERROR in ./node_modules/@mui/x-date-pickers/AdapterDateFns/AdapterDateFns.js 10:0-43
Module not found: Error: Can't resolve 'date-fns/endOfWeek' in '/Users/amarshanand/tolipoc/spa/node_modules/@mui/x-date-pickers/AdapterDateFns'

ERROR in ./node_modules/@mui/x-date-pickers/AdapterDateFns/AdapterDateFns.js 11:0-43
Module not found: Error: Can't resolve 'date-fns/endOfYear' in '/Users/amarshanand/tolipoc/spa/node_modules/@mui/x-date-pickers/AdapterDateFns'

ERROR in ./node_modules/@mui/x-date-pickers/AdapterDateFns/AdapterDateFns.js 12:0-44
Module not found: Error: Can't resolve 'date-fns/format' in '/Users/amarshanand/tolipoc/spa/node_modules/@mui/x-date-pickers/AdapterDateFns'

ERROR in ./node_modules/@mui/x-date-pickers/AdapterDateFns/AdapterDateFns.js 13:0-39
Module not found: Error: Can't resolve 'date-fns/getDate' in '/Users/amarshanand/tolipoc/spa/node_modules/@mui/x-date-pickers/AdapterDateFns'

ERROR in ./node_modules/@mui/x-date-pickers/AdapterDateFns/AdapterDateFns.js 14:0-53
Module not found: Error: Can't resolve 'date-fns/getDaysInMonth' in '/Users/amarshanand/tolipoc/spa/node_modules/@mui/x-date-pickers/AdapterDateFns'

ERROR in ./node_modules/@mui/x-date-pickers/AdapterDateFns/AdapterDateFns.js 15:0-41
Module not found: Error: Can't resolve 'date-fns/getHours' in '/Users/amarshanand/tolipoc/spa/node_modules/@mui/x-date-pickers/AdapterDateFns'

ERROR in ./node_modules/@mui/x-date-pickers/AdapterDateFns/AdapterDateFns.js 16:0-45
Module not found: Error: Can't resolve 'date-fns/getMinutes' in '/Users/amarshanand/tolipoc/spa/node_modules/@mui/x-date-pickers/AdapterDateFns'

ERROR in ./node_modules/@mui/x-date-pickers/AdapterDateFns/AdapterDateFns.js 17:0-41
Module not found: Error: Can't resolve 'date-fns/getMonth' in '/Users/amarshanand/tolipoc/spa/node_modules/@mui/x-date-pickers/AdapterDateFns'

ERROR in ./node_modules/@mui/x-date-pickers/AdapterDateFns/AdapterDateFns.js 18:0-45
Module not found: Error: Can't resolve 'date-fns/getSeconds' in '/Users/amarshanand/tolipoc/spa/node_modules/@mui/x-date-pickers/AdapterDateFns'

ERROR in ./node_modules/@mui/x-date-pickers/AdapterDateFns/AdapterDateFns.js 19:0-55
Module not found: Error: Can't resolve 'date-fns/getMilliseconds' in '/Users/amarshanand/tolipoc/spa/node_modules/@mui/x-date-pickers/AdapterDateFns'

ERROR in ./node_modules/@mui/x-date-pickers/AdapterDateFns/AdapterDateFns.js 20:0-39
Module not found: Error: Can't resolve 'date-fns/getWeek' in '/Users/amarshanand/tolipoc/spa/node_modules/@mui/x-date-pickers/AdapterDateFns'

ERROR in ./node_modules/@mui/x-date-pickers/AdapterDateFns/AdapterDateFns.js 21:0-39
Module not found: Error: Can't resolve 'date-fns/getYear' in '/Users/amarshanand/tolipoc/spa/node_modules/@mui/x-date-pickers/AdapterDateFns'

ERROR in ./node_modules/@mui/x-date-pickers/AdapterDateFns/AdapterDateFns.js 22:0-39
Module not found: Error: Can't resolve 'date-fns/isAfter' in '/Users/amarshanand/tolipoc/spa/node_modules/@mui/x-date-pickers/AdapterDateFns'

ERROR in ./node_modules/@mui/x-date-pickers/AdapterDateFns/AdapterDateFns.js 23:0-41
Module not found: Error: Can't resolve 'date-fns/isBefore' in '/Users/amarshanand/tolipoc/spa/node_modules/@mui/x-date-pickers/AdapterDateFns'

ERROR in ./node_modules/@mui/x-date-pickers/AdapterDateFns/AdapterDateFns.js 24:0-39
Module not found: Error: Can't resolve 'date-fns/isEqual' in '/Users/amarshanand/tolipoc/spa/node_modules/@mui/x-date-pickers/AdapterDateFns'

ERROR in ./node_modules/@mui/x-date-pickers/AdapterDateFns/AdapterDateFns.js 25:0-43
Module not found: Error: Can't resolve 'date-fns/isSameDay' in '/Users/amarshanand/tolipoc/spa/node_modules/@mui/x-date-pickers/AdapterDateFns'

ERROR in ./node_modules/@mui/x-date-pickers/AdapterDateFns/AdapterDateFns.js 26:0-45
Module not found: Error: Can't resolve 'date-fns/isSameYear' in '/Users/amarshanand/tolipoc/spa/node_modules/@mui/x-date-pickers/AdapterDateFns'

ERROR in ./node_modules/@mui/x-date-pickers/AdapterDateFns/AdapterDateFns.js 27:0-47
Module not found: Error: Can't resolve 'date-fns/isSameMonth' in '/Users/amarshanand/tolipoc/spa/node_modules/@mui/x-date-pickers/AdapterDateFns'

ERROR in ./node_modules/@mui/x-date-pickers/AdapterDateFns/AdapterDateFns.js 28:0-45
Module not found: Error: Can't resolve 'date-fns/isSameHour' in '/Users/amarshanand/tolipoc/spa/node_modules/@mui/x-date-pickers/AdapterDateFns'

ERROR in ./node_modules/@mui/x-date-pickers/AdapterDateFns/AdapterDateFns.js 29:0-39
Module not found: Error: Can't resolve 'date-fns/isValid' in '/Users/amarshanand/tolipoc/spa/node_modules/@mui/x-date-pickers/AdapterDateFns'

ERROR in ./node_modules/@mui/x-date-pickers/AdapterDateFns/AdapterDateFns.js 30:0-42
Module not found: Error: Can't resolve 'date-fns/parse' in '/Users/amarshanand/tolipoc/spa/node_modules/@mui/x-date-pickers/AdapterDateFns'

ERROR in ./node_modules/@mui/x-date-pickers/AdapterDateFns/AdapterDateFns.js 31:0-39
Module not found: Error: Can't resolve 'date-fns/setDate' in '/Users/amarshanand/tolipoc/spa/node_modules/@mui/x-date-pickers/AdapterDateFns'

ERROR in ./node_modules/@mui/x-date-pickers/AdapterDateFns/AdapterDateFns.js 32:0-41
Module not found: Error: Can't resolve 'date-fns/setHours' in '/Users/amarshanand/tolipoc/spa/node_modules/@mui/x-date-pickers/AdapterDateFns'

ERROR in ./node_modules/@mui/x-date-pickers/AdapterDateFns/AdapterDateFns.js 33:0-45
Module not found: Error: Can't resolve 'date-fns/setMinutes' in '/Users/amarshanand/tolipoc/spa/node_modules/@mui/x-date-pickers/AdapterDateFns'

ERROR in ./node_modules/@mui/x-date-pickers/AdapterDateFns/AdapterDateFns.js 34:0-41
Module not found: Error: Can't resolve 'date-fns/setMonth' in '/Users/amarshanand/tolipoc/spa/node_modules/@mui/x-date-pickers/AdapterDateFns'

ERROR in ./node_modules/@mui/x-date-pickers/AdapterDateFns/AdapterDateFns.js 35:0-45
Module not found: Error: Can't resolve 'date-fns/setSeconds' in '/Users/amarshanand/tolipoc/spa/node_modules/@mui/x-date-pickers/AdapterDateFns'

ERROR in ./node_modules/@mui/x-date-pickers/AdapterDateFns/AdapterDateFns.js 36:0-55
Module not found: Error: Can't resolve 'date-fns/setMilliseconds' in '/Users/amarshanand/tolipoc/spa/node_modules/@mui/x-date-pickers/AdapterDateFns'

ERROR in ./node_modules/@mui/x-date-pickers/AdapterDateFns/AdapterDateFns.js 37:0-39
Module not found: Error: Can't resolve 'date-fns/setYear' in '/Users/amarshanand/tolipoc/spa/node_modules/@mui/x-date-pickers/AdapterDateFns'

ERROR in ./node_modules/@mui/x-date-pickers/AdapterDateFns/AdapterDateFns.js 38:0-45
Module not found: Error: Can't resolve 'date-fns/startOfDay' in '/Users/amarshanand/tolipoc/spa/node_modules/@mui/x-date-pickers/AdapterDateFns'

ERROR in ./node_modules/@mui/x-date-pickers/AdapterDateFns/AdapterDateFns.js 39:0-49
Module not found: Error: Can't resolve 'date-fns/startOfMonth' in '/Users/amarshanand/tolipoc/spa/node_modules/@mui/x-date-pickers/AdapterDateFns'

ERROR in ./node_modules/@mui/x-date-pickers/AdapterDateFns/AdapterDateFns.js 40:0-45
Module not found: Error: Can't resolve 'date-fns/endOfMonth' in '/Users/amarshanand/tolipoc/spa/node_modules/@mui/x-date-pickers/AdapterDateFns'

ERROR in ./node_modules/@mui/x-date-pickers/AdapterDateFns/AdapterDateFns.js 41:0-47
Module not found: Error: Can't resolve 'date-fns/startOfWeek' in '/Users/amarshanand/tolipoc/spa/node_modules/@mui/x-date-pickers/AdapterDateFns'

ERROR in ./node_modules/@mui/x-date-pickers/AdapterDateFns/AdapterDateFns.js 42:0-47
Module not found: Error: Can't resolve 'date-fns/startOfYear' in '/Users/amarshanand/tolipoc/spa/node_modules/@mui/x-date-pickers/AdapterDateFns'

ERROR in ./node_modules/@mui/x-date-pickers/AdapterDateFns/AdapterDateFns.js 43:0-57
Module not found: Error: Can't resolve 'date-fns/isWithinInterval' in '/Users/amarshanand/tolipoc/spa/node_modules/@mui/x-date-pickers/AdapterDateFns'

ERROR in ./node_modules/@mui/x-date-pickers/AdapterDateFns/AdapterDateFns.js 44:0-50
Module not found: Error: Can't resolve 'date-fns/locale/en-US' in '/Users/amarshanand/tolipoc/spa/node_modules/@mui/x-date-pickers/AdapterDateFns'

ERROR in ./node_modules/@mui/x-date-pickers/AdapterDateFns/AdapterDateFns.js 46:0-65
Module not found: Error: Can't resolve 'date-fns/_lib/format/longFormatters' in '/Users/amarshanand/tolipoc/spa/node_modules/@mui/x-date-pickers/AdapterDateFns'

webpack compiled with 44 errors
Compiling...
Compiled successfully!
webpack compiled successfully
Compiling...
Compiled with warnings.

[eslint] 
src/App.js
  Line 106:98:  Duplicate key 'marginTop'  no-dupe-keys

Search for the keywords to learn more about each warning.
To ignore, add // eslint-disable-next-line to the line before.

WARNING in [eslint] 
src/App.js
  Line 106:98:  Duplicate key 'marginTop'  no-dupe-keys

webpack compiled with 1 warning
Compiling...
Compiled with warnings.

[eslint] 
src/App.js
  Line 17:8:  'CalendarTodayIcon' is defined but never used  no-unused-vars

Search for the keywords to learn more about each warning.
To ignore, add // eslint-disable-next-line to the line before.

WARNING in [eslint] 
src/App.js
  Line 17:8:  'CalendarTodayIcon' is defined but never used  no-unused-vars

webpack compiled with 1 warning
Compiling...
Compiled successfully!
webpack compiled successfully
Compiling...
Compiled successfully!
webpack compiled successfully
Compiling...
Compiled successfully!
webpack compiled successfully
Compiling...
Failed to compile.

[eslint] 
src/App.js
  Line 95:14:  'FormControlLabel' is not defined  react/jsx-no-undef

Search for the keywords to learn more about each error.
WARNING in [eslint] 
src/App.js
  Line 5:8:  'CalendarTodayIcon' is defined but never used  no-unused-vars

ERROR in [eslint] 
src/App.js
  Line 95:14:  'FormControlLabel' is not defined  react/jsx-no-undef

Search for the keywords to learn more about each error.

webpack compiled with 1 error and 1 warning
Compiling...
Compiled successfully!
webpack compiled successfully
Compiling...
Compiled successfully!
webpack compiled successfully
Compiling...
Compiled successfully!
webpack compiled successfully
Compiling...
Compiled successfully!
webpack compiled successfully
Compiling...
Compiled successfully!
webpack compiled successfully
Compiling...
Compiled successfully!
webpack compiled successfully
Compiling...
Compiled successfully!
webpack compiled successfully
Compiling...
Compiled successfully!
webpack compiled successfully
Compiling...
Compiled successfully!
webpack compiled successfully
Compiling...
Compiled successfully!
webpack compiled successfully
Compiling...
Compiled successfully!
webpack compiled successfully
Compiling...
Compiled successfully!
webpack compiled successfully
Compiling...
Compiled with warnings.

[eslint] 
src/App.js
  Line 61:9:  'handleNext' is assigned a value but never used  no-unused-vars

Search for the keywords to learn more about each warning.
To ignore, add // eslint-disable-next-line to the line before.

WARNING in [eslint] 
src/App.js
  Line 61:9:  'handleNext' is assigned a value but never used  no-unused-vars

webpack compiled with 1 warning
Compiling...
Compiled with warnings.

[eslint] 
src/App.js
  Line 61:9:  'handleNext' is assigned a value but never used  no-unused-vars

Search for the keywords to learn more about each warning.
To ignore, add // eslint-disable-next-line to the line before.

WARNING in [eslint] 
src/App.js
  Line 61:9:  'handleNext' is assigned a value but never used  no-unused-vars

webpack compiled with 1 warning
Compiling...
Compiled with warnings.

[eslint] 
src/App.js
  Line 33:12:   'showPassengerDetails' is assigned a value but never used  no-unused-vars
  Line 120:11:  'handleNext' is assigned a value but never used            no-unused-vars

Search for the keywords to learn more about each warning.
To ignore, add // eslint-disable-next-line to the line before.

WARNING in [eslint] 
src/App.js
  Line 33:12:   'showPassengerDetails' is assigned a value but never used  no-unused-vars
  Line 120:11:  'handleNext' is assigned a value but never used            no-unused-vars

webpack compiled with 1 warning
Compiling...
Compiled with warnings.

[eslint] 
src/App.js
  Line 120:11:  'handleNext' is assigned a value but never used  no-unused-vars

Search for the keywords to learn more about each warning.
To ignore, add // eslint-disable-next-line to the line before.

WARNING in [eslint] 
src/App.js
  Line 120:11:  'handleNext' is assigned a value but never used  no-unused-vars

webpack compiled with 1 warning
Compiling...
Compiled with warnings.

[eslint] 
src/App.js
  Line 47:9:  'handleSubmit' is assigned a value but never used  no-unused-vars

Search for the keywords to learn more about each warning.
To ignore, add // eslint-disable-next-line to the line before.

WARNING in [eslint] 
src/App.js
  Line 47:9:  'handleSubmit' is assigned a value but never used  no-unused-vars

webpack compiled with 1 warning
Compiling...
Compiled with warnings.

[eslint] 
src/App.js
  Line 106:11:  'handleSubmit' is assigned a value but never used  no-unused-vars

Search for the keywords to learn more about each warning.
To ignore, add // eslint-disable-next-line to the line before.

WARNING in [eslint] 
src/App.js
  Line 106:11:  'handleSubmit' is assigned a value but never used  no-unused-vars

webpack compiled with 1 warning
Compiling...
Compiled with warnings.

[eslint] 
src/App.js
  Line 106:11:  'handleSubmit' is assigned a value but never used  no-unused-vars
  Line 122:13:  'valid' is assigned a value but never used         no-unused-vars

Search for the keywords to learn more about each warning.
To ignore, add // eslint-disable-next-line to the line before.

WARNING in [eslint] 
src/App.js
  Line 106:11:  'handleSubmit' is assigned a value but never used  no-unused-vars
  Line 122:13:  'valid' is assigned a value but never used         no-unused-vars

webpack compiled with 1 warning
Compiling...
Compiled with warnings.

[eslint] 
src/App.js
  Line 1:27:    'useEffect' is defined but never used            no-unused-vars
  Line 120:11:  'handleNext' is assigned a value but never used  no-unused-vars

Search for the keywords to learn more about each warning.
To ignore, add // eslint-disable-next-line to the line before.

WARNING in [eslint] 
src/App.js
  Line 1:27:    'useEffect' is defined but never used            no-unused-vars
  Line 120:11:  'handleNext' is assigned a value but never used  no-unused-vars

webpack compiled with 1 warning
Compiling...
Compiled with warnings.

[eslint] 
src/App.js
  Line 1:27:    'useEffect' is defined but never used            no-unused-vars
  Line 120:11:  'handleNext' is assigned a value but never used  no-unused-vars

Search for the keywords to learn more about each warning.
To ignore, add // eslint-disable-next-line to the line before.

WARNING in [eslint] 
src/App.js
  Line 1:27:    'useEffect' is defined but never used            no-unused-vars
  Line 120:11:  'handleNext' is assigned a value but never used  no-unused-vars

webpack compiled with 1 warning
Compiling...
Compiled with warnings.

[eslint] 
src/App.js
  Line 1:27:    'useEffect' is defined but never used              no-unused-vars
  Line 105:11:  'handleSubmit' is assigned a value but never used  no-unused-vars

Search for the keywords to learn more about each warning.
To ignore, add // eslint-disable-next-line to the line before.

WARNING in [eslint] 
src/App.js
  Line 1:27:    'useEffect' is defined but never used              no-unused-vars
  Line 105:11:  'handleSubmit' is assigned a value but never used  no-unused-vars

webpack compiled with 1 warning
Compiling...
Compiled with warnings.

[eslint] 
src/App.js
  Line 1:27:    'useEffect' is defined but never used              no-unused-vars
  Line 105:11:  'handleSubmit' is assigned a value but never used  no-unused-vars

Search for the keywords to learn more about each warning.
To ignore, add // eslint-disable-next-line to the line before.

WARNING in [eslint] 
src/App.js
  Line 1:27:    'useEffect' is defined but never used              no-unused-vars
  Line 105:11:  'handleSubmit' is assigned a value but never used  no-unused-vars

webpack compiled with 1 warning
Compiling...
Compiled with warnings.

[eslint] 
src/App.js
  Line 1:27:    'useEffect' is defined but never used              no-unused-vars
  Line 105:11:  'handleSubmit' is assigned a value but never used  no-unused-vars

Search for the keywords to learn more about each warning.
To ignore, add // eslint-disable-next-line to the line before.

WARNING in [eslint] 
src/App.js
  Line 1:27:    'useEffect' is defined but never used              no-unused-vars
  Line 105:11:  'handleSubmit' is assigned a value but never used  no-unused-vars

webpack compiled with 1 warning
